[debug] [2019-11-10T16:50:16.766Z] ----------------------------------------------------------------------
[debug] [2019-11-10T16:50:16.768Z] Command:       /usr/local/Cellar/node/12.1.0/bin/node /usr/local/bin/firebase emulators:start --only firestore
[debug] [2019-11-10T16:50:16.768Z] CLI Version:   7.7.0
[debug] [2019-11-10T16:50:16.768Z] Platform:      darwin
[debug] [2019-11-10T16:50:16.768Z] Node Version:  v12.1.0
[debug] [2019-11-10T16:50:16.771Z] Time:          Sun Nov 10 2019 17:50:16 GMT+0100 (czas środkowoeuropejski standardowy)
[debug] [2019-11-10T16:50:16.771Z] ----------------------------------------------------------------------
[debug] [2019-11-10T16:50:16.771Z] 
[warn] ⚠  Could not find config (firebase.json) so using defaults.
[info] i  Starting emulators: ["firestore"]
[warn] ⚠  No Firestore rules file specified in firebase.json, using default rules.
[info] i  firestore: Serving ALL traffic (including WebChannel) on http://localhost:8080
[warn] ⚠  firestore: Support for WebChannel on a separate port (8081) is DEPRECATED and will go away soon. Please use port above instead.
[info] i  firestore: downloading cloud-firestore-emulator-v1.10.0.jar...
[debug] [2019-11-10T16:50:28.291Z] Ignoring unsupported arg: projectId
[debug] [2019-11-10T16:50:28.291Z] Ignoring unsupported arg: auto_download
[debug] [2019-11-10T16:50:28.291Z] Starting emulator firestore with command {"binary":"java","args":["-Duser.language=en","-jar","/Users/benroszko/.cache/firebase/emulators/cloud-firestore-emulator-v1.10.0.jar","--host","localhost","--port",8080,"--webchannel_port",8081],"optionalArgs":["port","webchannel_port","host","rules","functions_emulator"]}
[info] i  firestore: Emulator logging to firestore-debug.log
[debug] [2019-11-10T16:50:30.063Z] API endpoint: http://localhost
[debug] [2019-11-10T16:50:30.064Z] :8080
If you are using a library that supports the FIRESTORE_EMULATOR_HOST environment variable, run:

   export FIRESTORE_EMULATOR_HOST=localhost:8080

Dev App Server is now running.


[info] ✔  firestore: Emulator started at http://localhost:8080
[info] i  firestore: For testing set FIRESTORE_EMULATOR_HOST=localhost:8080
[info] ✔  All emulators started, it is now safe to connect.
